<?xml version="1.0" encoding="UTF-8"?>
<!-- Generated by org.testng.reporters.JUnitReportReporter -->
<testsuite hostname="Pournima" failures="0" tests="3" name="testcases.SearchTest" time="8.797" errors="0" timestamp="2024-10-02T17:54:43 IST" skipped="0">
  <testcase classname="testcases.SearchTest" name="verifySearchWithValidProduct" time="3.623"/>
  <testcase classname="testcases.SearchTest" name="verifySearchWithInValidProduct" time="2.688"/>
  <testcase classname="testcases.SearchTest" name="verifySearchWithoutAnyProduct" time="2.486"/>
</testsuite> <!-- testcases.SearchTest -->
