<?xml version="1.0" encoding="UTF-8"?>
<!-- Generated by org.testng.reporters.JUnitReportReporter -->
<testsuite hostname="Pournima" failures="0" tests="1" name="testcases.OrderProduct" time="15.181" errors="0" timestamp="2024-10-09T12:25:08 IST" skipped="0">
  <testcase classname="testcases.OrderProduct" name="VerifyOrderProduct" time="15.181"/>
</testsuite> <!-- testcases.OrderProduct -->
