<?xml version="1.0" encoding="UTF-8"?>
<!-- Generated by org.testng.reporters.JUnitReportReporter -->
<testsuite hostname="Pournima" failures="0" tests="6" name="testcases.LoginTest" time="34.482" errors="0" timestamp="2024-10-09T12:25:08 IST" skipped="0">
  <testcase classname="testcases.LoginTest" name="verifyLoginWithValidCredentials" time="3.768"/>
  <testcase classname="testcases.LoginTest" name="verifyLoginWithValidCredentials" time="5.861"/>
  <testcase classname="testcases.LoginTest" name="verifyLoginWithValidCredentials" time="5.048"/>
  <testcase classname="testcases.LoginTest" name="verifyLoginWithInvalidCredentials" time="7.684"/>
  <testcase classname="testcases.LoginTest" name="verifyLoginWithvalidEmailAndInvalidPassword" time="5.662"/>
  <testcase classname="testcases.LoginTest" name="verifyLoginWithoutCredentials" time="6.459"/>
</testsuite> <!-- testcases.LoginTest -->
