<?xml version="1.0" encoding="UTF-8"?>
<!-- Generated by org.testng.reporters.JUnitReportReporter -->
<testsuite hostname="Pournima" failures="0" tests="1" name="testcases.OrderProduct" time="16.685" errors="0" timestamp="2024-11-03T12:33:36 IST" skipped="0">
  <testcase classname="testcases.OrderProduct" name="VerifyOrderProduct" time="16.685"/>
</testsuite> <!-- testcases.OrderProduct -->
