<?xml version="1.0" encoding="UTF-8"?>
<!-- Generated by org.testng.reporters.JUnitReportReporter -->
<testsuite hostname="Pournima" failures="0" tests="3" name="testcases.SearchTest" time="11.337" errors="0" timestamp="2024-10-01T10:48:43 IST" skipped="0">
  <testcase classname="testcases.SearchTest" name="verifySearchWithValidProduct" time="4.560"/>
  <testcase classname="testcases.SearchTest" name="verifySearchWithInValidProduct" time="2.529"/>
  <testcase classname="testcases.SearchTest" name="verifySearchWithoutAnyProduct" time="4.248"/>
</testsuite> <!-- testcases.SearchTest -->
