<?xml version="1.0" encoding="UTF-8"?>
<!-- Generated by org.testng.reporters.JUnitReportReporter -->
<testsuite hostname="Pournima" failures="0" tests="3" name="testcases.SearchTest" time="24.812" errors="0" timestamp="2024-10-09T12:25:08 IST" skipped="0">
  <testcase classname="testcases.SearchTest" name="verifySearchWithValidProduct" time="6.067"/>
  <testcase classname="testcases.SearchTest" name="verifySearchWithInValidProduct" time="12.289"/>
  <testcase classname="testcases.SearchTest" name="verifySearchWithoutAnyProduct" time="6.456"/>
</testsuite> <!-- testcases.SearchTest -->
