<?xml version="1.0" encoding="UTF-8"?>
<!-- Generated by org.testng.reporters.JUnitReportReporter -->
<testsuite hostname="Pournima" failures="0" tests="6" name="testcases.LoginTest" time="26.727" errors="0" timestamp="2024-10-02T17:54:43 IST" skipped="0">
  <testcase classname="testcases.LoginTest" name="verifyLoginWithValidCredentials" time="8.706"/>
  <testcase classname="testcases.LoginTest" name="verifyLoginWithValidCredentials" time="4.067"/>
  <testcase classname="testcases.LoginTest" name="verifyLoginWithValidCredentials" time="3.650"/>
  <testcase classname="testcases.LoginTest" name="verifyLoginWithInvalidCredentials" time="3.481"/>
  <testcase classname="testcases.LoginTest" name="verifyLoginWithvalidEmailAndInvalidPassword" time="3.397"/>
  <testcase classname="testcases.LoginTest" name="verifyLoginWithoutCredentials" time="3.426"/>
</testsuite> <!-- testcases.LoginTest -->
