<?xml version="1.0" encoding="UTF-8"?>
<!-- Generated by org.testng.reporters.JUnitReportReporter -->
<testsuite hostname="Pournima" failures="0" tests="6" name="testcases.LoginTest" time="48.536" errors="0" timestamp="2024-11-03T12:33:36 IST" skipped="0">
  <testcase classname="testcases.LoginTest" name="verifyLoginWithValidCredentials" time="8.832"/>
  <testcase classname="testcases.LoginTest" name="verifyLoginWithValidCredentials" time="8.125"/>
  <testcase classname="testcases.LoginTest" name="verifyLoginWithValidCredentials" time="7.843"/>
  <testcase classname="testcases.LoginTest" name="verifyLoginWithInvalidCredentials" time="7.252"/>
  <testcase classname="testcases.LoginTest" name="verifyLoginWithvalidEmailAndInvalidPassword" time="6.394"/>
  <testcase classname="testcases.LoginTest" name="verifyLoginWithoutCredentials" time="10.090"/>
</testsuite> <!-- testcases.LoginTest -->
