<?xml version="1.0" encoding="UTF-8"?>
<!-- Generated by org.testng.reporters.JUnitReportReporter -->
<testsuite hostname="Pournima" failures="0" tests="3" name="testcases.SearchTest" time="20.605" errors="0" timestamp="2024-11-03T12:33:36 IST" skipped="0">
  <testcase classname="testcases.SearchTest" name="verifySearchWithValidProduct" time="7.279"/>
  <testcase classname="testcases.SearchTest" name="verifySearchWithInValidProduct" time="6.448"/>
  <testcase classname="testcases.SearchTest" name="verifySearchWithoutAnyProduct" time="6.878"/>
</testsuite> <!-- testcases.SearchTest -->
