<?xml version="1.0" encoding="UTF-8"?>
<!-- Generated by org.testng.reporters.JUnitReportReporter -->
<testsuite hostname="Pournima" failures="0" tests="4" name="testcases.RegisterTest" time="40.507" errors="0" timestamp="2024-10-09T12:25:08 IST" skipped="0">
  <testcase classname="testcases.RegisterTest" name="VerifyRegisterWithMandates" time="22.939"/>
  <testcase classname="testcases.RegisterTest" name="verifyRegisterAccountByProvidingAllFields" time="4.917"/>
  <testcase classname="testcases.RegisterTest" name="verifyRegisterwithExistingAccount" time="6.259"/>
  <testcase classname="testcases.RegisterTest" name="verifyRegisterwithoutEnetringDetails" time="6.392"/>
</testsuite> <!-- testcases.RegisterTest -->
