<?xml version="1.0" encoding="UTF-8"?>
<!-- Generated by org.testng.reporters.JUnitReportReporter -->
<testsuite hostname="Pournima" failures="0" tests="4" name="testcases.RegisterTest" time="27.185" errors="0" timestamp="2024-10-01T10:48:43 IST" skipped="0">
  <testcase classname="testcases.RegisterTest" name="VerifyRegisterWithMandates" time="6.700"/>
  <testcase classname="testcases.RegisterTest" name="verifyRegisterAccountByProvidingAllFields" time="6.113"/>
  <testcase classname="testcases.RegisterTest" name="verifyRegisterwithExistingAccount" time="6.358"/>
  <testcase classname="testcases.RegisterTest" name="verifyRegisterwithoutEnetringDetails" time="8.014"/>
</testsuite> <!-- testcases.RegisterTest -->
