<?xml version="1.0" encoding="UTF-8"?>
<!-- Generated by org.testng.reporters.JUnitReportReporter -->
<testsuite hostname="Pournima" failures="0" tests="4" name="testcases.RegisterTest" time="26.699" errors="0" timestamp="2024-10-02T17:54:43 IST" skipped="0">
  <testcase classname="testcases.RegisterTest" name="VerifyRegisterWithMandates" time="5.869"/>
  <testcase classname="testcases.RegisterTest" name="verifyRegisterAccountByProvidingAllFields" time="8.989"/>
  <testcase classname="testcases.RegisterTest" name="verifyRegisterwithExistingAccount" time="7.265"/>
  <testcase classname="testcases.RegisterTest" name="verifyRegisterwithoutEnetringDetails" time="4.576"/>
</testsuite> <!-- testcases.RegisterTest -->
